<?xml version="1.0" encoding="UTF-8"?>
<!-- Generated by org.testng.reporters.JUnitReportReporter -->
<testsuite hostname="DESKTOP-VVHUKND" failures="0" tests="1" name="Demo" time="0.017" errors="0" timestamp="2025-03-15T08:54:04 IST" skipped="0">
  <testcase classname="Demo" name="demo" time="0.017"/>
</testsuite> <!-- Demo -->
